<?xml version="1.0" encoding="UTF-8"?>
<testng-results ignored="0" total="1" passed="1" failed="0" skipped="0">
  <reporter-output>
  </reporter-output>
  <suite started-at="2023-10-10T20:24:50 EDT" name="Default suite" finished-at="2023-10-10T20:24:59 EDT" duration-ms="8640">
    <groups>
    </groups>
    <test started-at="2023-10-10T20:24:50 EDT" name="Default test" finished-at="2023-10-10T20:24:59 EDT" duration-ms="8640">
      <class name="TN_Register">
        <test-method is-config="true" signature="OpenBrowser()[pri:0, instance:TN_Register@52719fb6]" started-at="2023-10-10T20:24:50 EDT" name="OpenBrowser" finished-at="2023-10-10T20:24:56 EDT" duration-ms="5440" status="PASS">
          <reporter-output>
          </reporter-output>
        </test-method> <!-- OpenBrowser -->
        <test-method signature="registerPage()[pri:0, instance:TN_Register@52719fb6]" started-at="2023-10-10T20:24:56 EDT" name="registerPage" finished-at="2023-10-10T20:24:59 EDT" duration-ms="2698" status="PASS">
          <reporter-output>
          </reporter-output>
        </test-method> <!-- registerPage -->
        <test-method is-config="true" signature="tearDown()[pri:0, instance:TN_Register@52719fb6]" started-at="2023-10-10T20:24:59 EDT" name="tearDown" finished-at="2023-10-10T20:24:59 EDT" duration-ms="445" status="PASS">
          <reporter-output>
          </reporter-output>
        </test-method> <!-- tearDown -->
      </class> <!-- TN_Register -->
    </test> <!-- Default test -->
  </suite> <!-- Default suite -->
</testng-results>
